Using pre-set license
Built from '2020.3/release' branch; Version is '2020.3.2f1 (8fd9074bf66c) revision 9427207'; Using compiler version '192528614'; Build Type 'Release'
OS: 'Windows 10 Home; OS build 19042.928; Version 2009; 64bit' Language: 'en' Physical Memory: 16195 MB
BatchMode: 1, IsHumanControllingUs: 0, StartBugReporterOnCrash: 0, Is64bit: 1, IsPro: 0

 COMMAND LINE ARGUMENTS:
C:\Program Files\Unity\Hub\Editor\2020.3.2f1\Editor\Unity.exe
-adb2
-batchMode
-noUpm
-name
AssetImportWorker0
-projectPath
C:/Users/Gustavo/Documents/Unity/Grupo1_GustavoBenitez_A00826760
-logFile
Logs/AssetImportWorker0.log
-srvPort
53415
Successfully changed project path to: C:/Users/Gustavo/Documents/Unity/Grupo1_GustavoBenitez_A00826760
C:/Users/Gustavo/Documents/Unity/Grupo1_GustavoBenitez_A00826760
Using Asset Import Pipeline V2.
Refreshing native plugins compatible for Editor in 26.45 ms, found 0 plugins.
Preloading 0 native plugins for Editor in 0.00 ms.
Initialize engine version: 2020.3.2f1 (8fd9074bf66c)
[Subsystems] Discovering subsystems at path C:/Program Files/Unity/Hub/Editor/2020.3.2f1/Editor/Data/Resources/UnitySubsystems
[Subsystems] Discovering subsystems at path C:/Users/Gustavo/Documents/Unity/Grupo1_GustavoBenitez_A00826760/Assets
GfxDevice: creating device client; threaded=0
Direct3D:
    Version:  Direct3D 11.0 [level 11.1]
    Renderer: Radeon RX Vega M GL Graphics (ID=0x694e)
    Vendor:   
    VRAM:     4044 MB
    Driver:   24.20.11001.8003
Initialize mono
Mono path[0] = 'C:/Program Files/Unity/Hub/Editor/2020.3.2f1/Editor/Data/Managed'
Mono path[1] = 'C:/Program Files/Unity/Hub/Editor/2020.3.2f1/Editor/Data/MonoBleedingEdge/lib/mono/unityjit'
Mono config path = 'C:/Program Files/Unity/Hub/Editor/2020.3.2f1/Editor/Data/MonoBleedingEdge/etc'
Using monoOptions --debugger-agent=transport=dt_socket,embedding=1,server=y,suspend=n,address=127.0.0.1:56428
Begin MonoManager ReloadAssembly
Registering precompiled unity dll's ...
Register platform support module: C:/Program Files/Unity/Hub/Editor/2020.3.2f1/Editor/Data/PlaybackEngines/WindowsStandaloneSupport/UnityEditor.WindowsStandalone.Extensions.dll
Registered in 0.003465 seconds.
Native extension for WindowsStandalone target not found
Refreshing native plugins compatible for Editor in 28.70 ms, found 0 plugins.
Preloading 0 native plugins for Editor in 0.00 ms.
Invoked RoslynAnalysisRunner static constructor.
RoslynAnalysisRunner will not be running.
RoslynAnalysisRunner has terminated.
Mono: successfully reloaded assembly
- Completed reload, in  1.484 seconds
Platform modules already initialized, skipping
Registering precompiled user dll's ...
Registered in 0.001280 seconds.
Begin MonoManager ReloadAssembly
Native extension for WindowsStandalone target not found
Refreshing native plugins compatible for Editor in 0.31 ms, found 0 plugins.
Preloading 0 native plugins for Editor in 0.00 ms.
Invoked RoslynAnalysisRunner static constructor.
RoslynAnalysisRunner will not be running.
RoslynAnalysisRunner has terminated.
Mono: successfully reloaded assembly
- Completed reload, in  1.420 seconds
Platform modules already initialized, skipping
========================================================================
Worker process is ready to serve import requests
Launched and connected shader compiler UnityShaderCompiler.exe after 0.07 seconds
Refreshing native plugins compatible for Editor in 0.39 ms, found 0 plugins.
Preloading 0 native plugins for Editor in 0.00 ms.
Unloading 1118 Unused Serialized files (Serialized files now loaded: 0)
System memory in use before: 67.7 MB.
System memory in use after: 67.7 MB.

Unloading 10 unused Assets to reduce memory usage. Loaded Objects now: 1578.
Total: 2.469700 ms (FindLiveObjects: 0.252400 ms CreateObjectMapping: 0.131600 ms MarkObjects: 1.993100 ms  DeleteObjects: 0.091000 ms)

========================================================================
Received Import Request.
  path: Assets/Scripts/PlayerController.cs
  artifactKey: Guid(76b80c4f26228f4458e6f579a774a6c8) Importer(815301076,1909f56bfc062723c751e8b465ee728b)
Start importing Assets/Scripts/PlayerController.cs using Guid(76b80c4f26228f4458e6f579a774a6c8) Importer(815301076,1909f56bfc062723c751e8b465ee728b)  -> (artifact id: '6850cd857090433924139b631c8f5963') in 0.029742 seconds
  Import took 0.032542 seconds .

========================================================================
Received Prepare
Registering precompiled user dll's ...
Registered in 0.000915 seconds.
Begin MonoManager ReloadAssembly
Native extension for WindowsStandalone target not found
Refreshing native plugins compatible for Editor in 0.33 ms, found 0 plugins.
Preloading 0 native plugins for Editor in 0.00 ms.
Invoked RoslynAnalysisRunner static constructor.
RoslynAnalysisRunner will not be running.
RoslynAnalysisRunner has terminated.
Mono: successfully reloaded assembly
- Completed reload, in  0.859 seconds
Platform modules already initialized, skipping
Refreshing native plugins compatible for Editor in 0.19 ms, found 0 plugins.
Preloading 0 native plugins for Editor in 0.00 ms.
Unloading 1113 Unused Serialized files (Serialized files now loaded: 0)
System memory in use before: 67.6 MB.
System memory in use after: 67.7 MB.

Unloading 5 unused Assets to reduce memory usage. Loaded Objects now: 1581.
Total: 2.221600 ms (FindLiveObjects: 0.268900 ms CreateObjectMapping: 0.101900 ms MarkObjects: 1.760400 ms  DeleteObjects: 0.089600 ms)

========================================================================
Received Prepare
Registering precompiled user dll's ...
Registered in 0.001178 seconds.
Begin MonoManager ReloadAssembly
Native extension for WindowsStandalone target not found
Refreshing native plugins compatible for Editor in 0.20 ms, found 0 plugins.
Preloading 0 native plugins for Editor in 0.00 ms.
Invoked RoslynAnalysisRunner static constructor.
RoslynAnalysisRunner will not be running.
RoslynAnalysisRunner has terminated.
Mono: successfully reloaded assembly
- Completed reload, in  0.859 seconds
Platform modules already initialized, skipping
Refreshing native plugins compatible for Editor in 0.33 ms, found 0 plugins.
Preloading 0 native plugins for Editor in 0.00 ms.
Unloading 1113 Unused Serialized files (Serialized files now loaded: 0)
System memory in use before: 67.7 MB.
System memory in use after: 67.8 MB.

Unloading 5 unused Assets to reduce memory usage. Loaded Objects now: 1584.
Total: 2.536000 ms (FindLiveObjects: 0.371400 ms CreateObjectMapping: 0.081600 ms MarkObjects: 2.025600 ms  DeleteObjects: 0.054500 ms)

========================================================================
Received Prepare
Registering precompiled user dll's ...
Registered in 0.000905 seconds.
Begin MonoManager ReloadAssembly
Native extension for WindowsStandalone target not found
Refreshing native plugins compatible for Editor in 0.29 ms, found 0 plugins.
Preloading 0 native plugins for Editor in 0.00 ms.
Invoked RoslynAnalysisRunner static constructor.
RoslynAnalysisRunner will not be running.
RoslynAnalysisRunner has terminated.
Mono: successfully reloaded assembly
- Completed reload, in  0.860 seconds
Platform modules already initialized, skipping
Refreshing native plugins compatible for Editor in 0.22 ms, found 0 plugins.
Preloading 0 native plugins for Editor in 0.00 ms.
Unloading 1113 Unused Serialized files (Serialized files now loaded: 0)
System memory in use before: 67.7 MB.
System memory in use after: 67.8 MB.

Unloading 5 unused Assets to reduce memory usage. Loaded Objects now: 1587.
Total: 2.722400 ms (FindLiveObjects: 0.341000 ms CreateObjectMapping: 0.106700 ms MarkObjects: 2.187600 ms  DeleteObjects: 0.085800 ms)

========================================================================
Received Import Request.
  Time since last request: 250.938899 seconds.
  path: Assets/Scripts/ElementsController.cs
  artifactKey: Guid(e8142ca5097863844906fc419d2f85f7) Importer(815301076,1909f56bfc062723c751e8b465ee728b)
Start importing Assets/Scripts/ElementsController.cs using Guid(e8142ca5097863844906fc419d2f85f7) Importer(815301076,1909f56bfc062723c751e8b465ee728b)  -> (artifact id: 'a55752b8f49bb75009f277762cff4afd') in 0.007656 seconds
  Import took 0.009951 seconds .

========================================================================
Received Import Request.
  Time since last request: 0.000785 seconds.
  path: Assets/Scripts/ElementsController.cs
  artifactKey: Guid(e8142ca5097863844906fc419d2f85f7) Importer(815301076,1909f56bfc062723c751e8b465ee728b)
Start importing Assets/Scripts/ElementsController.cs using Guid(e8142ca5097863844906fc419d2f85f7) Importer(815301076,1909f56bfc062723c751e8b465ee728b)  -> (artifact id: 'a55752b8f49bb75009f277762cff4afd') in 0.005103 seconds
  Import took 0.007376 seconds .

========================================================================
Received Prepare
Registering precompiled user dll's ...
Registered in 0.001229 seconds.
Begin MonoManager ReloadAssembly
Native extension for WindowsStandalone target not found
Refreshing native plugins compatible for Editor in 0.20 ms, found 0 plugins.
Preloading 0 native plugins for Editor in 0.00 ms.
Invoked RoslynAnalysisRunner static constructor.
RoslynAnalysisRunner will not be running.
RoslynAnalysisRunner has terminated.
Mono: successfully reloaded assembly
- Completed reload, in  1.023 seconds
Platform modules already initialized, skipping
Refreshing native plugins compatible for Editor in 0.20 ms, found 0 plugins.
Preloading 0 native plugins for Editor in 0.00 ms.
Unloading 1113 Unused Serialized files (Serialized files now loaded: 0)
System memory in use before: 67.7 MB.
System memory in use after: 67.8 MB.

Unloading 5 unused Assets to reduce memory usage. Loaded Objects now: 1590.
Total: 2.166100 ms (FindLiveObjects: 0.302600 ms CreateObjectMapping: 0.133400 ms MarkObjects: 1.624700 ms  DeleteObjects: 0.090700 ms)

========================================================================
Received Import Request.
  Time since last request: 2.781536 seconds.
  path: Assets/Scripts/Spawner.cs
  artifactKey: Guid(42338062bab44414a8d177cb2dc2450d) Importer(815301076,1909f56bfc062723c751e8b465ee728b)
Start importing Assets/Scripts/Spawner.cs using Guid(42338062bab44414a8d177cb2dc2450d) Importer(815301076,1909f56bfc062723c751e8b465ee728b)  -> (artifact id: 'ff10d2c62ee630cc08677e39ac2c896f') in 0.007653 seconds
  Import took 0.009513 seconds .

AssetImportWorkerClient::OnTransportError - code=2 error=End of file
